# JRE version: OpenJDK Runtime Environment (8.0_242-b08) (build 1.8.0_242-8u242-b08-0ubuntu3~16.04-b08)
# Java VM: OpenJDK 64-Bit Server VM (25.242-b08 mixed mode linux-amd64 compressed oops)
Heap:
 PSYoungGen      total 345088K, used 183406K [0x00000000d6f00000, 0x00000000ed480000, 0x0000000100000000)
  eden space 332288K, 55% used [0x00000000d6f00000,0x00000000e221b850,0x00000000eb380000)
  from space 12800K, 0% used [0x00000000ec800000,0x00000000ec800000,0x00000000ed480000)
  to   space 16384K, 0% used [0x00000000eb480000,0x00000000eb480000,0x00000000ec480000)
 ParOldGen       total 122368K, used 30416K [0x0000000084c00000, 0x000000008c380000, 0x00000000d6f00000)
  object space 122368K, 24% used [0x0000000084c00000,0x00000000869b4250,0x000000008c380000)
 Metaspace       used 61469K, capacity 64568K, committed 64856K, reserved 1105920K
  class space    used 8476K, capacity 9027K, committed 9088K, reserved 1048576K
GC Heap History (10 events):
Event: 5.729 GC heap before
{Heap before GC invocations=11 (full 1):
 PSYoungGen      total 208896K, used 36925K [0x00000000d6f00000, 0x00000000e8200000, 0x0000000100000000)
  eden space 199168K, 13% used [0x00000000d6f00000,0x00000000d89945d8,0x00000000e3180000)
  from space 9728K, 99% used [0x00000000e3180000,0x00000000e3afb070,0x00000000e3b00000)
  to   space 12288K, 0% used [0x00000000e7600000,0x00000000e7600000,0x00000000e8200000)
 ParOldGen       total 51712K, used 10003K [0x0000000084c00000, 0x0000000087e80000, 0x00000000d6f00000)
  object space 51712K, 19% used [0x0000000084c00000,0x00000000855c4ff0,0x0000000087e80000)
 Metaspace       used 33586K, capacity 35364K, committed 35416K, reserved 1079296K
  class space    used 4353K, capacity 4704K, committed 4736K, reserved 1048576K
Event: 5.740 GC heap after
Heap after GC invocations=11 (full 1):
 PSYoungGen      total 269824K, used 5646K [0x00000000d6f00000, 0x00000000e8e00000, 0x0000000100000000)
  eden space 257536K, 0% used [0x00000000d6f00000,0x00000000d6f00000,0x00000000e6a80000)
  from space 12288K, 45% used [0x00000000e7600000,0x00000000e7b83908,0x00000000e8200000)
  to   space 11776K, 0% used [0x00000000e6a80000,0x00000000e6a80000,0x00000000e7600000)
 ParOldGen       total 51712K, used 14162K [0x0000000084c00000, 0x0000000087e80000, 0x00000000d6f00000)
  object space 51712K, 27% used [0x0000000084c00000,0x00000000859d4948,0x0000000087e80000)
 Metaspace       used 33586K, capacity 35364K, committed 35416K, reserved 1079296K
  class space    used 4353K, capacity 4704K, committed 4736K, reserved 1048576K
}
Event: 5.740 GC heap before
{Heap before GC invocations=12 (full 2):
 PSYoungGen      total 269824K, used 5646K [0x00000000d6f00000, 0x00000000e8e00000, 0x0000000100000000)
  eden space 257536K, 0% used [0x00000000d6f00000,0x00000000d6f00000,0x00000000e6a80000)
  from space 12288K, 45% used [0x00000000e7600000,0x00000000e7b83908,0x00000000e8200000)
  to   space 11776K, 0% used [0x00000000e6a80000,0x00000000e6a80000,0x00000000e7600000)
 ParOldGen       total 51712K, used 14162K [0x0000000084c00000, 0x0000000087e80000, 0x00000000d6f00000)
  object space 51712K, 27% used [0x0000000084c00000,0x00000000859d4948,0x0000000087e80000)
 Metaspace       used 33586K, capacity 35364K, committed 35416K, reserved 1079296K
  class space    used 4353K, capacity 4704K, committed 4736K, reserved 1048576K
Event: 5.825 GC heap after
Heap after GC invocations=12 (full 2):
 PSYoungGen      total 269824K, used 0K [0x00000000d6f00000, 0x00000000e8e00000, 0x0000000100000000)
  eden space 257536K, 0% used [0x00000000d6f00000,0x00000000d6f00000,0x00000000e6a80000)
  from space 12288K, 0% used [0x00000000e7600000,0x00000000e7600000,0x00000000e8200000)
  to   space 11776K, 0% used [0x00000000e6a80000,0x00000000e6a80000,0x00000000e7600000)
 ParOldGen       total 80384K, used 14352K [0x0000000084c00000, 0x0000000089a80000, 0x00000000d6f00000)
  object space 80384K, 17% used [0x0000000084c00000,0x0000000085a04140,0x0000000089a80000)
 Metaspace       used 33586K, capacity 35364K, committed 35416K, reserved 1079296K
  class space    used 4353K, capacity 4704K, committed 4736K, reserved 1048576K
}
Event: 8.011 GC heap before
{Heap before GC invocations=13 (full 2):
 PSYoungGen      total 269824K, used 257536K [0x00000000d6f00000, 0x00000000e8e00000, 0x0000000100000000)
  eden space 257536K, 100% used [0x00000000d6f00000,0x00000000e6a80000,0x00000000e6a80000)
  from space 12288K, 0% used [0x00000000e7600000,0x00000000e7600000,0x00000000e8200000)
  to   space 11776K, 0% used [0x00000000e6a80000,0x00000000e6a80000,0x00000000e7600000)
 ParOldGen       total 80384K, used 14352K [0x0000000084c00000, 0x0000000089a80000, 0x00000000d6f00000)
  object space 80384K, 17% used [0x0000000084c00000,0x0000000085a04140,0x0000000089a80000)
 Metaspace       used 48083K, capacity 50102K, committed 50264K, reserved 1093632K
  class space    used 6542K, capacity 6947K, committed 7040K, reserved 1048576K
Event: 8.029 GC heap after
Heap after GC invocations=13 (full 2):
 PSYoungGen      total 269312K, used 11765K [0x00000000d6f00000, 0x00000000ed700000, 0x0000000100000000)
  eden space 257536K, 0% used [0x00000000d6f00000,0x00000000d6f00000,0x00000000e6a80000)
  from space 11776K, 99% used [0x00000000e6a80000,0x00000000e75fd6d0,0x00000000e7600000)
  to   space 15360K, 0% used [0x00000000ec800000,0x00000000ec800000,0x00000000ed700000)
 ParOldGen       total 80384K, used 20054K [0x0000000084c00000, 0x0000000089a80000, 0x00000000d6f00000)
  object space 80384K, 24% used [0x0000000084c00000,0x0000000085f959d8,0x0000000089a80000)
 Metaspace       used 48083K, capacity 50102K, committed 50264K, reserved 1093632K
  class space    used 6542K, capacity 6947K, committed 7040K, reserved 1048576K
}
Event: 9.877 GC heap before
{Heap before GC invocations=14 (full 2):
 PSYoungGen      total 269312K, used 243574K [0x00000000d6f00000, 0x00000000ed700000, 0x0000000100000000)
  eden space 257536K, 90% used [0x00000000d6f00000,0x00000000e5160278,0x00000000e6a80000)
  from space 11776K, 99% used [0x00000000e6a80000,0x00000000e75fd6d0,0x00000000e7600000)
  to   space 15360K, 0% used [0x00000000ec800000,0x00000000ec800000,0x00000000ed700000)
 ParOldGen       total 80384K, used 20054K [0x0000000084c00000, 0x0000000089a80000, 0x00000000d6f00000)
  object space 80384K, 24% used [0x0000000084c00000,0x0000000085f959d8,0x0000000089a80000)
 Metaspace       used 56115K, capacity 58814K, committed 58968K, reserved 1099776K
  class space    used 7687K, capacity 8200K, committed 8320K, reserved 1048576K
Event: 9.898 GC heap after
Heap after GC invocations=14 (full 2):
 PSYoungGen      total 345088K, used 12768K [0x00000000d6f00000, 0x00000000ed480000, 0x0000000100000000)
  eden space 332288K, 0% used [0x00000000d6f00000,0x00000000d6f00000,0x00000000eb380000)
  from space 12800K, 99% used [0x00000000ec800000,0x00000000ed478220,0x00000000ed480000)
  to   space 16384K, 0% used [0x00000000eb480000,0x00000000eb480000,0x00000000ec480000)
 ParOldGen       total 80384K, used 25769K [0x0000000084c00000, 0x0000000089a80000, 0x00000000d6f00000)
  object space 80384K, 32% used [0x0000000084c00000,0x000000008652a618,0x0000000089a80000)
 Metaspace       used 56115K, capacity 58814K, committed 58968K, reserved 1099776K
  class space    used 7687K, capacity 8200K, committed 8320K, reserved 1048576K
}
Event: 9.898 GC heap before
{Heap before GC invocations=15 (full 3):
 PSYoungGen      total 345088K, used 12768K [0x00000000d6f00000, 0x00000000ed480000, 0x0000000100000000)
  eden space 332288K, 0% used [0x00000000d6f00000,0x00000000d6f00000,0x00000000eb380000)
  from space 12800K, 99% used [0x00000000ec800000,0x00000000ed478220,0x00000000ed480000)
  to   space 16384K, 0% used [0x00000000eb480000,0x00000000eb480000,0x00000000ec480000)
 ParOldGen       total 80384K, used 25769K [0x0000000084c00000, 0x0000000089a80000, 0x00000000d6f00000)
  object space 80384K, 32% used [0x0000000084c00000,0x000000008652a618,0x0000000089a80000)
 Metaspace       used 56115K, capacity 58814K, committed 58968K, reserved 1099776K
  class space    used 7687K, capacity 8200K, committed 8320K, reserved 1048576K
Event: 10.107 GC heap after
Heap after GC invocations=15 (full 3):
 PSYoungGen      total 345088K, used 0K [0x00000000d6f00000, 0x00000000ed480000, 0x0000000100000000)
  eden space 332288K, 0% used [0x00000000d6f00000,0x00000000d6f00000,0x00000000eb380000)
  from space 12800K, 0% used [0x00000000ec800000,0x00000000ec800000,0x00000000ed480000)
  to   space 16384K, 0% used [0x00000000eb480000,0x00000000eb480000,0x00000000ec480000)
 ParOldGen       total 122368K, used 30416K [0x0000000084c00000, 0x000000008c380000, 0x00000000d6f00000)
  object space 122368K, 24% used [0x0000000084c00000,0x00000000869b4250,0x000000008c380000)
 Metaspace       used 56115K, capacity 58814K, committed 58968K, reserved 1099776K
  class space    used 7687K, capacity 8200K, committed 8320K, reserved 1048576K
}

